<?xml version="1.0" encoding="UTF-8"?>
<!-- Generated by org.testng.reporters.JUnitXMLReporter -->
<testsuite ignored="0" hostname="LAPTOP-P3VHC49B" failures="1" tests="5" name="Regression Test" time="67.422" errors="0" timestamp="2024-11-12T21:49:24 IST">
  <testcase classname="testCases.loginPageTestCases" name="cogmentoLogin" time="9.409"/>
  <testcase classname="testCases.adminPageTestCases" name="sampleTest" time="0.003"/>
  <testcase classname="testCases.adminPageTestCases" name="sampleTest2" time="0.002">
    <failure type="java.lang.ArithmeticException" message="/ by zero">
      <![CDATA[java.lang.ArithmeticException: / by zero
at testCases.adminPageTestCases.sampleTest2(adminPageTestCases.java:44)
at java.base/java.util.ArrayList.forEach(ArrayList.java:1511)
... Removed 25 stack frames]]>
    </failure>
  </testcase> <!-- sampleTest2 -->
  <testcase classname="testCases.adminPageTestCases" name="verifyAdminCreated" time="10.901"/>
  <testcase classname="testCases.leavePageTestCases" name="verifyLeaveCreated" time="7.427"/>
</testsuite> <!-- Regression Test -->
