<?xml version="1.0" encoding="UTF-8"?>
<!-- Generated by org.testng.reporters.JUnitXMLReporter -->
<testsuite ignored="0" hostname="LAPTOP-P3VHC49B" failures="0" tests="3" name="Default test" time="0.815" errors="0" timestamp="2024-11-23T21:13:02 IST">
  <testcase classname="testCases.ReadExcel" name="executeTestForAllTestData" time="0.011"/>
  <testcase classname="testCases.ReadExcel" name="testExample" time="0.034"/>
  <testcase classname="testCases.ReadExcel" name="getDataWithKey" time="0.03"/>
</testsuite> <!-- Default test -->
