<?xml version="1.0" encoding="UTF-8"?>
<testng-results ignored="0" total="3" passed="3" failed="0" skipped="0">
  <reporter-output>
  </reporter-output>
  <suite started-at="2024-11-23T21:13:01 IST" name="Default suite" finished-at="2024-11-23T21:13:02 IST" duration-ms="815">
    <groups>
    </groups>
    <test started-at="2024-11-23T21:13:01 IST" name="Default test" finished-at="2024-11-23T21:13:02 IST" duration-ms="815">
      <class name="testCases.ReadExcel">
        <test-method signature="executeTestForAllTestData(java.util.Map)[pri:0, instance:testCases.ReadExcel@3fb1549b]" started-at="2024-11-23T21:13:02 IST" name="executeTestForAllTestData" data-provider="TestData2" finished-at="2024-11-23T21:13:02 IST" duration-ms="11" status="PASS">
          <params>
            <param index="0">
              <value>
                <![CDATA[{User=User@123, Test=Test@123, username=password}]]>
              </value>
            </param>
          </params>
          <reporter-output>
          </reporter-output>
        </test-method> <!-- executeTestForAllTestData -->
        <test-method signature="testExample()[pri:0, instance:testCases.ReadExcel@3fb1549b]" started-at="2024-11-23T21:13:02 IST" name="testExample" finished-at="2024-11-23T21:13:02 IST" duration-ms="34" status="PASS">
          <reporter-output>
          </reporter-output>
        </test-method> <!-- testExample -->
        <test-method signature="getDataWithKey()[pri:1, instance:testCases.ReadExcel@3fb1549b]" started-at="2024-11-23T21:13:02 IST" name="getDataWithKey" finished-at="2024-11-23T21:13:02 IST" duration-ms="30" status="PASS">
          <reporter-output>
          </reporter-output>
        </test-method> <!-- getDataWithKey -->
      </class> <!-- testCases.ReadExcel -->
    </test> <!-- Default test -->
  </suite> <!-- Default suite -->
</testng-results>
